=
time="13/12/22 15:13:34" level=info msg="Начало" Out="&{0xc000146500}" event=start form=main
time="13/12/22 15:13:34" level=info msg="✓Init" event="InitFormData()" form=Main
time="13/12/22 15:13:37" level=info msg="✓Init" event="InitFormData()" form=Table
time="13/12/22 15:13:37" level=info msg=Data columns=10 event="Fill Data" rows=500
time="13/12/22 15:13:37" level=info msg=Data columns ddes=10 event="Init data" form="Test data" rows data=500
time="13/12/22 15:13:37" level=info msg=NewOTable 1table.Form =500
time="13/12/22 15:13:37" level=info msg=Columns columns=10 event="fillcolumns()" form=
time="13/12/22 15:13:37" level=info msg=Columns columns="map[Amount:0xc0003aaee0 Check:0xc0003aaf50 Comment:0xc0003ab030 DateCheck:0xc0003aafc0 Price:0xc0003aae70 Product:0xc0003aad20 Quantity:0xc0003aae00 Type:0xc0003aad90 id:0xc0003aac40 id_product:0xc0003aacb0]" event=Finish
time="13/12/22 15:13:37" level=info msg=MakeTableData event=fillcolumns form=Table
time="13/12/22 15:13:37" level=info msg=MakeTable event="Fill data" form=Table
time="13/12/22 15:13:37" level=info msg=GetToolBar Out="&{0xc000146500}" event=start form=main
time="13/12/22 15:13:37" level=info msg=GetToolBar DocumentCreateIcon=GetToolBar
time="13/12/22 15:13:37" level=info msg=CreateRenderer h.Tool="&{{{0 0} {0 0} false 0xc0002513e0 {{0 0} 0 0 0 0}} [0xc0002634b8 0x7ff7c91669e0 0xc0002634d0 0xc0002634e8 0x7ff7c91669e0 0xc000263518]}"
time="13/12/22 15:13:37" level=info msg=jMakeTableLabel columns=9 form=Table rows=500
time="13/12/22 15:13:37" level=info msg=jMakeTableLabel columns=9 form=Table rows=500
time="13/12/22 15:13:37" level=info msg=jMakeTableLabel columns=9 form=Table rows=500
time="13/12/22 15:13:37" level=info msg=jMakeTableLabel columns=9 form=Table rows=500
time="13/12/22 15:13:37" level=info msg=jMakeTableLabel columns=9 form=Table rows=500
time="13/12/22 15:13:37" level=info msg=jMakeTableLabel columns=9 form=Table rows=500
time="13/12/22 15:13:37" level=info msg=jMakeTableLabel columns=9 form=Table rows=500
time="13/12/22 15:13:37" level=info msg=jMakeTableLabel columns=9 form=Table rows=500
time="13/12/22 15:13:37" level=info msg=jMakeTableLabel columns=9 form=Table rows=500
time="13/12/22 15:13:37" level=info msg=jMakeTableLabel columns=9 form=Table rows=500
time="13/12/22 15:13:37" level=info msg=jMakeTableLabel columns=9 form=Table rows=500
time="13/12/22 15:13:37" level=info msg=jMakeTableLabel columns=9 form=Table rows=500
time="13/12/22 15:13:37" level=info msg=jMakeTableLabel columns=9 form=Table rows=500
time="13/12/22 15:13:37" level=info msg=jMakeTableLabel columns=9 form=Table rows=500
time="13/12/22 15:13:37" level=info msg=jMakeTableLabel columns=9 form=Table rows=500
time="13/12/22 15:13:37" level=info msg=jMakeTableLabel columns=9 form=Table rows=500
time="13/12/22 15:13:37" level=info msg=jMakeTableLabel columns=9 form=Table rows=500
time="13/12/22 15:13:37" level=info msg=jMakeTableLabel columns=9 form=Table rows=500
time="13/12/22 15:13:37" level=info msg=jMakeTableLabel columns=9 form=Table rows=500
time="13/12/22 15:13:37" level=info msg=jMakeTableLabel columns=9 form=Table rows=500
time="13/12/22 15:13:37" level=info msg=jMakeTableLabel columns=9 form=Table rows=500
time="13/12/22 15:13:37" level=info msg=jMakeTableLabel columns=9 form=Table rows=500
time="13/12/22 15:13:37" level=info msg=jMakeTableLabel columns=9 form=Table rows=500
time="13/12/22 15:13:37" level=info msg=jMakeTableLabel columns=9 form=Table rows=500
time="13/12/22 15:13:37" level=info msg=jMakeTableLabel columns=9 form=Table rows=500
time="13/12/22 15:13:37" level=info msg=jMakeTableLabel columns=9 form=Table rows=500
time="13/12/22 15:13:37" level=info msg=jMakeTableLabel columns=9 form=Table rows=500
time="13/12/22 15:13:37" level=info msg=jMakeTableLabel columns=9 form=Table rows=500
time="13/12/22 15:13:37" level=info msg=jMakeTableLabel columns=9 form=Table rows=500
time="13/12/22 15:13:37" level=info msg=jMakeTableLabel columns=9 form=Table rows=500
time="13/12/22 15:13:37" level=info msg=jMakeTableLabel columns=9 form=Table rows=500
time="13/12/22 15:13:37" level=info msg=jMakeTableLabel columns=9 form=Table rows=500
time="13/12/22 15:13:37" level=info msg=jMakeTableLabel columns=9 form=Table rows=500
time="13/12/22 15:13:37" level=info msg=jMakeTableLabel columns=9 form=Table rows=500
time="13/12/22 15:13:37" level=info msg=jMakeTableLabel columns=9 form=Table rows=500
time="13/12/22 15:13:37" level=info msg=jMakeTableLabel columns=9 form=Table rows=500
time="13/12/22 15:13:37" level=info msg=jMakeTableLabel columns=9 form=Table rows=500
time="13/12/22 15:13:37" level=info msg=jMakeTableLabel columns=9 form=Table rows=500
time="13/12/22 15:13:37" level=info msg=jMakeTableLabel columns=9 form=Table rows=500
time="13/12/22 15:13:37" level=info msg=jMakeTableLabel columns=9 form=Table rows=500
time="13/12/22 15:13:37" level=info msg=jMakeTableLabel columns=9 form=Table rows=500
time="13/12/22 15:13:37" level=info msg=jMakeTableLabel columns=9 form=Table rows=500
time="13/12/22 15:13:37" level=info msg=jMakeTableLabel columns=9 form=Table rows=500
time="13/12/22 15:13:37" level=info msg=jMakeTableLabel columns=9 form=Table rows=500
time="13/12/22 15:13:37" level=info msg=jMakeTableLabel columns=9 form=Table rows=500
time="13/12/22 15:13:37" level=info msg=jMakeTableLabel columns=9 form=Table rows=500
time="13/12/22 15:13:37" level=info msg=jMakeTableLabel columns=9 form=Table rows=500
time="13/12/22 15:13:37" level=info msg=jMakeTableLabel columns=9 form=Table rows=500
time="13/12/22 15:13:37" level=info msg=jMakeTableLabel columns=9 form=Table rows=500
time="13/12/22 15:13:37" level=info msg=jMakeTableLabel columns=9 form=Table rows=500
time="13/12/22 15:13:37" level=info msg=jMakeTableLabel columns=9 form=Table rows=500
time="13/12/22 15:13:37" level=info msg=jMakeTableLabel columns=9 form=Table rows=500
time="13/12/22 15:13:37" level=info msg=jMakeTableLabel columns=9 form=Table rows=500
time="13/12/22 15:13:37" level=info msg=jMakeTableLabel columns=9 form=Table rows=500
time="13/12/22 15:13:37" level=info msg=jMakeTableLabel columns=9 form=Table rows=500
time="13/12/22 15:13:37" level=info msg=jMakeTableLabel columns=9 form=Table rows=500
time="13/12/22 15:13:37" level=info msg=jMakeTableLabel columns=9 form=Table rows=500
time="13/12/22 15:13:37" level=info msg=jMakeTableLabel columns=9 form=Table rows=500
time="13/12/22 15:13:37" level=info msg=jMakeTableLabel columns=9 form=Table rows=500
time="13/12/22 15:13:37" level=info msg=jMakeTableLabel columns=9 form=Table rows=500
time="13/12/22 15:13:37" level=info msg=jMakeTableLabel columns=9 form=Table rows=500
time="13/12/22 15:13:37" level=info msg=jMakeTableLabel columns=9 form=Table rows=500
time="13/12/22 15:13:37" level=info msg=jMakeTableLabel columns=9 form=Table rows=500
time="13/12/22 15:13:37" level=info msg=jMakeTableLabel columns=9 form=Table rows=500
time="13/12/22 15:13:37" level=info msg=jMakeTableLabel columns=9 form=Table rows=500
time="13/12/22 15:13:37" level=info msg=jMakeTableLabel columns=9 form=Table rows=500
time="13/12/22 15:13:37" level=info msg=jMakeTableLabel columns=9 form=Table rows=500
time="13/12/22 15:13:37" level=info msg=jMakeTableLabel columns=9 form=Table rows=500
time="13/12/22 15:13:37" level=info msg=jMakeTableLabel columns=9 form=Table rows=500
time="13/12/22 15:13:37" level=info msg=jMakeTableLabel columns=9 form=Table rows=500
time="13/12/22 15:13:37" level=info msg=jMakeTableLabel columns=9 form=Table rows=500
time="13/12/22 15:13:37" level=info msg=jMakeTableLabel columns=9 form=Table rows=500
time="13/12/22 15:13:37" level=info msg=jMakeTableLabel columns=9 form=Table rows=500
time="13/12/22 15:13:37" level=info msg=jMakeTableLabel columns=9 form=Table rows=500
time="13/12/22 15:13:37" level=info msg=jMakeTableLabel columns=9 form=Table rows=500
time="13/12/22 15:13:37" level=info msg=jMakeTableLabel columns=9 form=Table rows=500
time="13/12/22 15:13:37" level=info msg=jMakeTableLabel columns=9 form=Table rows=500
time="13/12/22 15:13:37" level=info msg=jMakeTableLabel columns=9 form=Table rows=500
time="13/12/22 15:13:37" level=info msg=jMakeTableLabel columns=9 form=Table rows=500
time="13/12/22 15:13:37" level=info msg=jMakeTableLabel columns=9 form=Table rows=500
time="13/12/22 15:13:37" level=info msg=jMakeTableLabel columns=9 form=Table rows=500
time="13/12/22 15:13:37" level=info msg=jMakeTableLabel columns=9 form=Table rows=500
time="13/12/22 15:13:37" level=info msg=jMakeTableLabel columns=9 form=Table rows=500
time="13/12/22 15:13:37" level=info msg=jMakeTableLabel columns=9 form=Table rows=500
time="13/12/22 15:13:37" level=info msg=jMakeTableLabel columns=9 form=Table rows=500
time="13/12/22 15:13:37" level=info msg=jMakeTableLabel columns=9 form=Table rows=500
time="13/12/22 15:13:37" level=info msg=jMakeTableLabel columns=9 form=Table rows=500
time="13/12/22 15:13:37" level=info msg=jMakeTableLabel columns=9 form=Table rows=500
time="13/12/22 15:13:37" level=info msg=jMakeTableLabel columns=9 form=Table rows=500
time="13/12/22 15:13:37" level=info msg=jMakeTableLabel columns=9 form=Table rows=500
time="13/12/22 15:13:37" level=info msg=jMakeTableLabel columns=9 form=Table rows=500
time="13/12/22 15:13:37" level=info msg=jMakeTableLabel columns=9 form=Table rows=500
time="13/12/22 15:13:37" level=info msg=jMakeTableLabel columns=9 form=Table rows=500
time="13/12/22 15:13:37" level=info msg=jMakeTableLabel columns=9 form=Table rows=500
time="13/12/22 15:13:37" level=info msg=jMakeTableLabel columns=9 form=Table rows=500
time="13/12/22 15:13:37" level=info msg=jMakeTableLabel columns=9 form=Table rows=500
time="13/12/22 15:13:37" level=info msg=jMakeTableLabel columns=9 form=Table rows=500
time="13/12/22 15:13:37" level=info msg=jMakeTableLabel columns=9 form=Table rows=500
time="13/12/22 15:13:37" level=info msg=jMakeTableLabel columns=9 form=Table rows=500
time="13/12/22 15:13:37" level=info msg=jMakeTableLabel columns=9 form=Table rows=500
time="13/12/22 15:13:37" level=info msg=jMakeTableLabel columns=9 form=Table rows=500
time="13/12/22 15:13:37" level=info msg=jMakeTableLabel columns=9 form=Table rows=500
time="13/12/22 15:13:37" level=info msg=jMakeTableLabel columns=9 form=Table rows=500
time="13/12/22 15:13:37" level=info msg=jMakeTableLabel columns=9 form=Table rows=500
time="13/12/22 15:13:37" level=info msg=jMakeTableLabel columns=9 form=Table rows=500
time="13/12/22 15:13:37" level=info msg=jMakeTableLabel columns=9 form=Table rows=500
time="13/12/22 15:13:37" level=info msg=jMakeTableLabel columns=9 form=Table rows=500
time="13/12/22 15:13:37" level=info msg=jMakeTableLabel columns=9 form=Table rows=500
time="13/12/22 15:13:37" level=info msg=jMakeTableLabel columns=9 form=Table rows=500
time="13/12/22 15:13:37" level=info msg=jMakeTableLabel columns=9 form=Table rows=500
time="13/12/22 15:13:37" level=info msg=jMakeTableLabel columns=9 form=Table rows=500
time="13/12/22 15:13:37" level=info msg=jMakeTableLabel columns=9 form=Table rows=500
time="13/12/22 15:13:37" level=info msg=jMakeTableLabel columns=9 form=Table rows=500
time="13/12/22 15:13:37" level=info msg=jMakeTableLabel columns=9 form=Table rows=500
time="13/12/22 15:13:37" level=info msg=jMakeTableLabel columns=9 form=Table rows=500
time="13/12/22 15:13:37" level=info msg=jMakeTableLabel columns=9 form=Table rows=500
time="13/12/22 15:13:37" level=info msg=jMakeTableLabel columns=9 form=Table rows=500
time="13/12/22 15:13:39" level=info msg="✓Init" event="InitFormData()" form=TableProp
time="13/12/22 15:13:39" level=info msg=TableInitProperties datag=10 form1=
time="13/12/22 15:13:39" level=info msg=GetToolBar Properties=10
time="13/12/22 15:13:39" level=info msg=NewOTable 1table.Form =10
time="13/12/22 15:13:39" level=info msg=Columns columns=6 event="fillcolumns()" form=
time="13/12/22 15:13:39" level=info msg=Columns columns="map[Color:0xc0003969a0 Header:0xc0003967e0 Type:0xc0003968c0 Width:0xc000396a10 formula:0xc000396930 id:0xc000396770]" event=Finish
time="13/12/22 15:13:39" level=info msg=MakeTableData event=fillcolumns form=TableProp
time="13/12/22 15:13:39" level=info msg=MakeTable event="Fill data" form=TableProp
time="13/12/22 15:21:01" level=info msg="Начало" Out="&{0xc0000d6500}" event=start form=main
time="13/12/22 15:21:01" level=info msg="✓Init" event="InitFormData()" form=Main
time="13/12/22 15:21:04" level=info msg="✓Init" event="InitFormData()" form=Table
time="13/12/22 15:21:04" level=info msg=Data columns=10 event="Fill Data" rows=500
time="13/12/22 15:21:04" level=info msg=Data columns ddes=10 event="Init data" form="Test data" rows data=500
time="13/12/22 15:21:04" level=info msg=NewOTable 1table.Form =500
time="13/12/22 15:21:04" level=info msg=Columns columns=10 event="fillcolumns()" form=
time="13/12/22 15:21:04" level=info msg=Columns columns="map[Amount:0xc0001d49a0 Check:0xc0001d4a10 Comment:0xc0001d4af0 DateCheck:0xc0001d4a80 Price:0xc0001d4930 Product:0xc0001d47e0 Quantity:0xc0001d48c0 Type:0xc0001d4850 id:0xc0001d4700 id_product:0xc0001d4770]" event=Finish
time="13/12/22 15:21:04" level=info msg=MakeTableData event=fillcolumns form=Table
time="13/12/22 15:21:04" level=info msg=MakeTable event="Fill data" form=Table
time="13/12/22 15:21:04" level=info msg=GetToolBar Out="&{0xc0000d6500}" event=start form=main
time="13/12/22 15:21:04" level=info msg=GetToolBar DocumentCreateIcon=GetToolBar
time="13/12/22 15:21:04" level=info msg=CreateRenderer h.Tool="&{{{0 0} {0 0} false 0xc000002840 {{0 0} 0 0 0 0}} [0xc000378948 0x7ff6c1ed59e0 0xc000378960 0xc000378978 0x7ff6c1ed59e0 0xc0003789a8]}"
time="13/12/22 15:21:05" level=info msg="✓Init" event="InitFormData()" form=TableProp
time="13/12/22 15:21:05" level=info msg=TableInitProperties datag=10 form1=
time="13/12/22 15:21:05" level=info msg=GetToolBar Properties=10
time="13/12/22 15:21:05" level=info msg=NewOTable 1table.Form =10
time="13/12/22 15:21:05" level=info msg=Columns columns=6 event="fillcolumns()" form=
time="13/12/22 15:21:05" level=info msg=Columns columns="map[Color:0xc000334c40 Header:0xc000334af0 Type:0xc000334b60 Width:0xc000334cb0 formula:0xc000334bd0 id:0xc000334a80]" event=Finish
time="13/12/22 15:21:05" level=info msg=MakeTableData event=fillcolumns form=TableProp
time="13/12/22 15:21:05" level=info msg=MakeTable event="Fill data" form=TableProp
time="13/12/22 15:22:31" level=info msg="Начало" Out="&{0xc0000d6500}" event=start form=main
time="13/12/22 15:22:32" level=info msg="✓Init" event="InitFormData()" form=Main
time="13/12/22 15:22:34" level=info msg="✓Init" event="InitFormData()" form=Table
time="13/12/22 15:22:34" level=info msg=Data columns=10 event="Fill Data" rows=500
time="13/12/22 15:22:34" level=info msg=Data columns ddes=10 event="Init data" form="Test data" rows data=500
time="13/12/22 15:22:34" level=info msg=NewOTable 1table.Form =500
time="13/12/22 15:22:34" level=info msg=Columns columns=10 event="fillcolumns()" form=
time="13/12/22 15:22:34" level=info msg=Columns columns="map[Amount:0xc000336bd0 Check:0xc000336c40 Comment:0xc000336d20 DateCheck:0xc000336cb0 Price:0xc000336b60 Product:0xc000336a10 Quantity:0xc000336af0 Type:0xc000336a80 id:0xc000336850 id_product:0xc0003369a0]" event=Finish
time="13/12/22 15:22:34" level=info msg=MakeTableData event=fillcolumns form=Table
time="13/12/22 15:22:34" level=info msg=MakeTable event="Fill data" form=Table
time="13/12/22 15:22:34" level=info msg=GetToolBar Out="&{0xc0000d6500}" event=start form=main
time="13/12/22 15:22:34" level=info msg=GetToolBar DocumentCreateIcon=GetToolBar
time="13/12/22 15:22:34" level=info msg=CreateRenderer h.Tool="&{{{0 0} {0 0} false 0xc0003a4ea0 {{0 0} 0 0 0 0}} [0xc000008b58 0x7ff662b859e0 0xc000008b70 0xc000008b88 0x7ff662b859e0 0xc000008bb8]}"
time="13/12/22 15:22:37" level=info msg="✓Init" event="InitFormData()" form=TableProp
time="13/12/22 15:22:37" level=info msg=TableInitProperties datag=10 form1=
time="13/12/22 15:22:37" level=info msg=GetToolBar Properties=10
time="13/12/22 15:22:37" level=info msg=NewOTable 1table.Form =10
time="13/12/22 15:22:37" level=info msg=Columns columns=6 event="fillcolumns()" form=
time="13/12/22 15:22:37" level=info msg=Columns columns="map[Color:0xc0003373b0 Header:0xc000337260 Type:0xc0003372d0 Width:0xc000337420 formula:0xc000337340 id:0xc0003371f0]" event=Finish
time="13/12/22 15:22:37" level=info msg=MakeTableData event=fillcolumns form=TableProp
time="13/12/22 15:22:37" level=info msg=MakeTable event="Fill data" form=TableProp
time="13/12/22 15:24:33" level=info msg="Начало" Out="&{0xc0000d6500}" event=start form=main
time="13/12/22 15:24:33" level=info msg="✓Init" event="InitFormData()" form=Main
time="13/12/22 15:24:35" level=info msg="✓Init" event="InitFormData()" form=Table
time="13/12/22 15:24:35" level=info msg=Data columns=10 event="Fill Data" rows=500
time="13/12/22 15:24:35" level=info msg=Data columns ddes=10 event="Init data" form="Test data" rows data=500
time="13/12/22 15:24:35" level=info msg=NewOTable 1table.Form =500
time="13/12/22 15:24:35" level=info msg=Columns columns=10 event="fillcolumns()" form=
time="13/12/22 15:24:35" level=info msg=Columns columns="map[Amount:0xc0003a2d90 Check:0xc0003a2e00 Comment:0xc0003a2ee0 DateCheck:0xc0003a2e70 Price:0xc0003a2d20 Product:0xc0003a2bd0 Quantity:0xc0003a2cb0 Type:0xc0003a2c40 id:0xc0003a2af0 id_product:0xc0003a2b60]" event=Finish
time="13/12/22 15:24:35" level=info msg=MakeTableData event=fillcolumns form=Table
time="13/12/22 15:24:35" level=info msg=MakeTable event="Fill data" form=Table
time="13/12/22 15:24:35" level=info msg=GetToolBar Out="&{0xc0000d6500}" event=start form=main
time="13/12/22 15:24:35" level=info msg=GetToolBar DocumentCreateIcon=GetToolBar
time="13/12/22 15:24:35" level=info msg=CreateRenderer h.Tool="&{{{0 0} {0 0} false 0xc000242f60 {{0 0} 0 0 0 0}} [0xc00027e858 0x7ff7ecc259e0 0xc00027e870 0xc00027e888 0x7ff7ecc259e0 0xc00027e8b8]}"
time="13/12/22 15:24:41" level=info msg="✓Init" event="InitFormData()" form=Table
time="13/12/22 15:24:41" level=info msg=Data columns=10 event="Fill Data" rows=500
time="13/12/22 15:24:41" level=info msg=Data columns ddes=10 event="Init data" form="Test data" rows data=500
time="13/12/22 15:24:41" level=info msg=NewOTable 1table.Form =500
time="13/12/22 15:24:41" level=info msg=Columns columns=10 event="fillcolumns()" form=
time="13/12/22 15:24:41" level=info msg=Columns columns="map[Amount:0xc000334af0 Check:0xc000334b60 Comment:0xc000334c40 DateCheck:0xc000334bd0 Price:0xc000334a80 Product:0xc000334930 Quantity:0xc000334a10 Type:0xc0003349a0 id:0xc000334850 id_product:0xc0003348c0]" event=Finish
time="13/12/22 15:24:41" level=info msg=MakeTableData event=fillcolumns form=Table
time="13/12/22 15:24:41" level=info msg=MakeTable event="Fill data" form=Table
time="13/12/22 15:24:41" level=info msg=GetToolBar Out="&{0xc0000d6500}" event=start form=main
time="13/12/22 15:24:41" level=info msg=GetToolBar DocumentCreateIcon=GetToolBar
time="13/12/22 15:24:41" level=info msg=CreateRenderer h.Tool="&{{{0 0} {0 0} false 0xc000ece480 {{0 0} 0 0 0 0}} [0xc000ecb068 0x7ff7ecc259e0 0xc000ecb080 0xc000ecb098 0x7ff7ecc259e0 0xc000ecb0c8]}"
time="13/12/22 15:24:45" level=info msg="✓Init" event="InitFormData()" form=Table
time="13/12/22 15:24:45" level=info msg=Data columns=10 event="Fill Data" rows=500
time="13/12/22 15:24:45" level=info msg=Data columns ddes=10 event="Init data" form="Test data" rows data=500
time="13/12/22 15:24:45" level=info msg=NewOTable 1table.Form =500
time="13/12/22 15:24:45" level=info msg=Columns columns=10 event="fillcolumns()" form=
time="13/12/22 15:24:45" level=info msg=Columns columns="map[Amount:0xc0003a39d0 Check:0xc0003a3a40 Comment:0xc0003a3b20 DateCheck:0xc0003a3ab0 Price:0xc0003a3180 Product:0xc0003a3030 Quantity:0xc0003a3110 Type:0xc0003a30a0 id:0xc0003a2f50 id_product:0xc0003a2fc0]" event=Finish
time="13/12/22 15:24:45" level=info msg=MakeTableData event=fillcolumns form=Table
time="13/12/22 15:24:45" level=info msg=MakeTable event="Fill data" form=Table
time="13/12/22 15:24:45" level=info msg=GetToolBar Out="&{0xc0000d6500}" event=start form=main
time="13/12/22 15:24:45" level=info msg=GetToolBar DocumentCreateIcon=GetToolBar
time="13/12/22 15:24:45" level=info msg=CreateRenderer h.Tool="&{{{0 0} {0 0} false 0xc0010c03c0 {{0 0} 0 0 0 0}} [0xc0010bcae0 0x7ff7ecc259e0 0xc0010bcaf8 0xc0010bcb10 0x7ff7ecc259e0 0xc0010bcb40]}"
time="13/12/22 15:30:45" level=info msg="✓Init" event="InitFormData()" form=Table
time="13/12/22 15:30:45" level=info msg=Data columns=10 event="Fill Data" rows=500
time="13/12/22 15:30:45" level=info msg=Data columns ddes=10 event="Init data" form="Test data" rows data=500
time="13/12/22 15:30:45" level=info msg=NewOTable 1table.Form =500
time="13/12/22 15:30:45" level=info msg=Columns columns=10 event="fillcolumns()" form=
time="13/12/22 15:30:45" level=info msg=Columns columns="map[Amount:0xc0000f0c40 Check:0xc0000f0cb0 Comment:0xc0000f0d90 DateCheck:0xc0000f0d20 Price:0xc0000f0bd0 Product:0xc0000f0a80 Quantity:0xc0000f0b60 Type:0xc0000f0af0 id:0xc0000f09a0 id_product:0xc0000f0a10]" event=Finish
time="13/12/22 15:30:45" level=info msg=MakeTableData event=fillcolumns form=Table
time="13/12/22 15:30:45" level=info msg=MakeTable event="Fill data" form=Table
time="13/12/22 15:30:45" level=info msg=GetToolBar Out="&{0xc0000d6500}" event=start form=main
time="13/12/22 15:30:45" level=info msg=GetToolBar DocumentCreateIcon=GetToolBar
time="13/12/22 15:30:45" level=info msg=CreateRenderer h.Tool="&{{{0 0} {0 0} false 0xc00147f3e0 {{0 0} 0 0 0 0}} [0xc000008768 0x7ff7ecc259e0 0xc000008780 0xc000008798 0x7ff7ecc259e0 0xc0000087c8]}"
time="13/12/22 15:30:50" level=info msg="✓Init" event="InitFormData()" form=TableProp
time="13/12/22 15:30:50" level=info msg=TableInitProperties datag=10 form1=
time="13/12/22 15:30:50" level=info msg=GetToolBar Properties=10
time="13/12/22 15:30:50" level=info msg=NewOTable 1table.Form =10
time="13/12/22 15:30:50" level=info msg=Columns columns=6 event="fillcolumns()" form=
time="13/12/22 15:30:50" level=info msg=Columns columns="map[Color:0xc0000f0f50 Header:0xc0000f0e00 Type:0xc0000f0e70 Width:0xc0000f0fc0 formula:0xc0000f0ee0 id:0xc0000f0930]" event=Finish
time="13/12/22 15:30:50" level=info msg=MakeTableData event=fillcolumns form=TableProp
time="13/12/22 15:30:50" level=info msg=MakeTable event="Fill data" form=TableProp
time="13/12/22 15:35:42" level=info msg="Начало" Out="&{0xc0000d6500}" event=start form=main
time="13/12/22 15:35:42" level=info msg="✓Init" event="InitFormData()" form=Main
time="13/12/22 15:37:02" level=info msg="✓Init" event="InitFormData()" form=Table
time="13/12/22 15:37:02" level=info msg=Data columns=10 event="Fill Data" rows=500
time="13/12/22 15:37:02" level=info msg=Data columns ddes=10 event="Init data" form="Test data" rows data=500
time="13/12/22 15:37:02" level=info msg=NewOTable 1table.Form =500
time="13/12/22 15:37:02" level=info msg=Columns columns=10 event="fillcolumns()" form=
time="13/12/22 15:37:02" level=info msg=Columns columns="map[Amount:0xc000356af0 Check:0xc000356b60 Comment:0xc000356c40 DateCheck:0xc000356bd0 Price:0xc000356a80 Product:0xc000356930 Quantity:0xc000356a10 Type:0xc0003569a0 id:0xc000356850 id_product:0xc0003568c0]" event=Finish
time="13/12/22 15:37:02" level=info msg=MakeTableData event=fillcolumns form=Table
time="13/12/22 15:37:02" level=info msg=MakeTable event="Fill data" form=Table
time="13/12/22 15:45:32" level=info msg=GetToolBar Out="&{0xc0000d6500}" event=start form=main
time="13/12/22 15:45:32" level=info msg=GetToolBar DocumentCreateIcon=GetToolBar
time="13/12/22 15:45:32" level=info msg=CreateRenderer h.Tool="&{{{0 0} {0 0} false 0xc000514660 {{0 0} 0 0 0 0}} [0xc0003a4798 0x7ff6b1790980 0xc0003a47b0 0xc0003a47c8 0x7ff6b1790980 0xc0003a47f8]}"
time="13/12/22 16:04:59" level=info msg="Начало" Out="&{0xc000146500}" event=start form=main
time="13/12/22 16:04:59" level=info msg="✓Init" event="InitFormData()" form=Main
time="13/12/22 16:05:04" level=info msg="✓Init" event="InitFormData()" form=Table
time="13/12/22 16:05:04" level=info msg=Data columns=10 event="Fill Data" rows=500
time="13/12/22 16:05:04" level=info msg=Data columns ddes=10 event="Init data" form="Test data" rows data=500
time="13/12/22 16:05:04" level=info msg=NewOTable 1table.Form =500
time="13/12/22 16:05:04" level=info msg=Columns columns=10 event="fillcolumns()" form=
time="13/12/22 16:05:04" level=info msg=Columns columns="map[Amount:0xc0003acee0 Check:0xc0003acf50 Comment:0xc0003ad030 DateCheck:0xc0003acfc0 Price:0xc0003ace70 Product:0xc0003acd20 Quantity:0xc0003ace00 Type:0xc0003acd90 id:0xc0003acc40 id_product:0xc0003accb0]" event=Finish
time="13/12/22 16:05:04" level=info msg=MakeTableData event=fillcolumns form=Table
time="13/12/22 16:05:04" level=info msg=MakeTable event="Fill data" form=Table
time="13/12/22 16:05:04" level=info msg=GetToolBar Out="&{0xc000146500}" event=start form=main
time="13/12/22 16:05:04" level=info msg=GetToolBar DocumentCreateIcon=GetToolBar
time="13/12/22 16:05:04" level=info msg=CreateRenderer h.Tool="&{{{0 0} {0 0} false 0xc000313200 {{0 0} 0 0 0 0}} [0xc000386fa8 0x7ff6c7ba59e0 0xc000386fc0 0xc000386fd8 0x7ff6c7ba59e0 0xc000387008]}"
time="13/12/22 16:05:07" level=info msg="✓Init" event="InitFormData()" form=TableProp
time="13/12/22 16:05:07" level=info msg=TableInitProperties datag=10 form1=
time="13/12/22 16:05:07" level=info msg=GetToolBar Properties=10
time="13/12/22 16:05:07" level=info msg=NewOTable 1table.Form =10
time="13/12/22 16:05:07" level=info msg=Columns columns=6 event="fillcolumns()" form=
time="13/12/22 16:05:07" level=info msg=Columns columns="map[Color:0xc000164930 Header:0xc0001647e0 Type:0xc000164850 Width:0xc0001649a0 formula:0xc0001648c0 id:0xc000164770]" event=Finish
time="13/12/22 16:05:07" level=info msg=MakeTableData event=fillcolumns form=TableProp
time="13/12/22 16:05:07" level=info msg=MakeTable event="Fill data" form=TableProp
time="13/12/22 16:05:45" level=info msg="Начало" Out="&{0xc000004780}" event=start form=main
time="13/12/22 16:05:45" level=info msg="✓Init" event="InitFormData()" form=Main
time="13/12/22 16:05:47" level=info msg="✓Init" event="InitFormData()" form=Table
time="13/12/22 16:05:47" level=info msg=Data columns=10 event="Fill Data" rows=500
time="13/12/22 16:05:47" level=info msg=Data columns ddes=10 event="Init data" form="Test data" rows data=500
time="13/12/22 16:05:47" level=info msg=NewOTable 1table.Form =500
time="13/12/22 16:05:47" level=info msg=Columns columns=10 event="fillcolumns()" form=
time="13/12/22 16:05:47" level=info msg=Columns columns="map[Amount:0xc0002069a0 Check:0xc000206a10 Comment:0xc000206af0 DateCheck:0xc000206a80 Price:0xc000206930 Product:0xc0002067e0 Quantity:0xc0002068c0 Type:0xc000206850 id:0xc000206700 id_product:0xc000206770]" event=Finish
time="13/12/22 16:05:47" level=info msg=MakeTableData event=fillcolumns form=Table
time="13/12/22 16:05:47" level=info msg=MakeTable event="Fill data" form=Table
time="13/12/22 16:05:48" level=info msg=GetToolBar Out="&{0xc000004780}" event=start form=main
time="13/12/22 16:05:48" level=info msg=GetToolBar DocumentCreateIcon=GetToolBar
time="13/12/22 16:05:48" level=info msg=CreateRenderer h.Tool="&{{{0 0} {0 0} false 0xc000cdbf20 {{0 0} 0 0 0 0}} [0xc000d160c0 0x7ff6bbee0980 0xc000d160d8 0xc000d160f0 0x7ff6bbee0980 0xc000d16120]}"
time="13/12/22 16:05:50" level=info msg="✓Init" event="InitFormData()" form=TableProp
time="13/12/22 16:05:50" level=info msg=TableInitProperties datag=10 form1=
time="13/12/22 16:05:50" level=info msg=GetToolBar Properties=10
time="13/12/22 16:06:17" level=info msg=NewOTable 1table.Form =10
time="13/12/22 16:06:25" level=info msg=Columns columns=6 event="fillcolumns()" form=
time="13/12/22 16:06:25" level=info msg=Columns columns="map[Color:0xc0002063f0 Header:0xc000206230 Type:0xc0002062a0 Width:0xc000206460 formula:0xc000206310 id:0xc0002061c0]" event=Finish
time="13/12/22 16:06:25" level=info msg=MakeTableData event=fillcolumns form=TableProp
time="13/12/22 16:06:25" level=info msg=MakeTable event="Fill data" form=TableProp
time="13/12/22 16:07:15" level=info msg="Начало" Out="&{0xc000146500}" event=start form=main
time="13/12/22 16:07:15" level=info msg="✓Init" event="InitFormData()" form=Main
time="13/12/22 16:07:17" level=info msg="✓Init" event="InitFormData()" form=Table
time="13/12/22 16:07:17" level=info msg=Data columns=10 event="Fill Data" rows=500
time="13/12/22 16:07:17" level=info msg=Data columns ddes=10 event="Init data" form="Test data" rows data=500
time="13/12/22 16:07:21" level=info msg=NewOTable 1table.Form =500
time="13/12/22 16:07:21" level=info msg=Columns columns=10 event="fillcolumns()" form=
time="13/12/22 16:07:21" level=info msg=Columns columns="map[Amount:0xc000164d20 Check:0xc000164d90 Comment:0xc000164e70 DateCheck:0xc000164e00 Price:0xc000164cb0 Product:0xc000164b60 Quantity:0xc000164c40 Type:0xc000164bd0 id:0xc000164a80 id_product:0xc000164af0]" event=Finish
time="13/12/22 16:07:21" level=info msg=MakeTableData event=fillcolumns form=Table
time="13/12/22 16:07:21" level=info msg=MakeTable event="Fill data" form=Table
time="13/12/22 16:07:28" level=info msg=GetToolBar Out="&{0xc000146500}" event=start form=main
time="13/12/22 16:07:28" level=info msg=GetToolBar DocumentCreateIcon=GetToolBar
time="13/12/22 16:07:28" level=info msg=CreateRenderer h.Tool="&{{{0 0} {0 0} false 0xc0001612c0 {{0 0} 0 0 0 0}} [0xc000008f18 0x7ff6c3650980 0xc000008f30 0xc000008f48 0x7ff6c3650980 0xc000008f78]}"
time="13/12/22 16:07:30" level=info msg="✓Init" event="InitFormData()" form=TableProp
time="13/12/22 16:07:30" level=info msg=TableInitProperties datag=10 form1=
time="13/12/22 16:07:30" level=info msg=GetToolBar Properties=10
time="13/12/22 16:07:31" level=info msg=NewOTable 1table.Form =10
time="13/12/22 16:07:31" level=info msg=Columns columns=6 event="fillcolumns()" form=
time="13/12/22 16:07:31" level=info msg=Columns columns="map[Color:0xc0003ceb60 Header:0xc0003cea10 Type:0xc0003cea80 Width:0xc0003cebd0 formula:0xc0003ceaf0 id:0xc0003ce9a0]" event=Finish
time="13/12/22 16:07:31" level=info msg=MakeTableData event=fillcolumns form=TableProp
time="13/12/22 16:07:31" level=info msg=MakeTable event="Fill data" form=TableProp
time="13/12/22 16:09:24" level=info msg="Начало" Out="&{0xc0000d6500}" event=start form=main
time="13/12/22 16:09:24" level=info msg="✓Init" event="InitFormData()" form=Main
time="13/12/22 16:09:25" level=info msg="✓Init" event="InitFormData()" form=Table
time="13/12/22 16:09:25" level=info msg=Data columns=10 event="Fill Data" rows=500
time="13/12/22 16:09:25" level=info msg=Data columns ddes=10 event="Init data" form="Test data" rows data=500
time="13/12/22 16:09:25" level=info msg=NewOTable 1table.Form =500
time="13/12/22 16:09:25" level=info msg=Columns columns=10 event="fillcolumns()" form=
time="13/12/22 16:09:25" level=info msg=Columns columns="map[Amount:0xc0000f0d20 Check:0xc0000f0d90 Comment:0xc0000f0e70 DateCheck:0xc0000f0e00 Price:0xc0000f0cb0 Product:0xc0000f0b60 Quantity:0xc0000f0c40 Type:0xc0000f0bd0 id:0xc0000f0a80 id_product:0xc0000f0af0]" event=Finish
time="13/12/22 16:09:25" level=info msg=MakeTableData event=fillcolumns form=Table
time="13/12/22 16:09:25" level=info msg=MakeTable event="Fill data" form=Table
time="13/12/22 16:09:25" level=info msg=GetToolBar Out="&{0xc0000d6500}" event=start form=main
time="13/12/22 16:09:25" level=info msg=GetToolBar DocumentCreateIcon=GetToolBar
time="13/12/22 16:09:25" level=info msg=CreateRenderer h.Tool="&{{{0 0} {0 0} false 0xc00031c6c0 {{0 0} 0 0 0 0}} [0xc000314db0 0x7ff66ad959e0 0xc000314dc8 0xc000314de0 0x7ff66ad959e0 0xc000314e10]}"
time="13/12/22 16:09:27" level=info msg="✓Init" event="InitFormData()" form=TableProp
time="13/12/22 16:09:27" level=info msg=TableInitProperties datag=10 form1=
time="13/12/22 16:09:27" level=info msg=GetToolBar Properties=10
time="13/12/22 16:09:27" level=info msg=NewOTable 1table.Form =10
time="13/12/22 16:09:27" level=info msg=Columns columns=6 event="fillcolumns()" form=
time="13/12/22 16:09:27" level=info msg=Columns columns="map[Color:0xc0003371f0 Header:0xc0003370a0 Type:0xc000337110 Width:0xc000337260 formula:0xc000337180 id:0xc000337030]" event=Finish
time="13/12/22 16:09:27" level=info msg=MakeTableData event=fillcolumns form=TableProp
time="13/12/22 16:09:27" level=info msg=MakeTable event="Fill data" form=TableProp
time="13/12/22 16:09:52" level=info msg="Начало" Out="&{0xc0000d6500}" event=start form=main
time="13/12/22 16:09:52" level=info msg="✓Init" event="InitFormData()" form=Main
time="13/12/22 16:09:54" level=info msg="✓Init" event="InitFormData()" form=Table
time="13/12/22 16:09:54" level=info msg=Data columns=10 event="Fill Data" rows=500
time="13/12/22 16:09:54" level=info msg=Data columns ddes=10 event="Init data" form="Test data" rows data=500
time="13/12/22 16:09:54" level=info msg=NewOTable 1table.Form =500
time="13/12/22 16:09:54" level=info msg=Columns columns=10 event="fillcolumns()" form=
time="13/12/22 16:09:54" level=info msg=Columns columns="map[Amount:0xc00035aee0 Check:0xc00035af50 Comment:0xc00035b030 DateCheck:0xc00035afc0 Price:0xc00035ae70 Product:0xc00035ad20 Quantity:0xc00035ae00 Type:0xc00035ad90 id:0xc00035ac40 id_product:0xc00035acb0]" event=Finish
time="13/12/22 16:09:54" level=info msg=MakeTableData event=fillcolumns form=Table
time="13/12/22 16:09:54" level=info msg=MakeTable event="Fill data" form=Table
time="13/12/22 16:10:03" level=info msg=GetToolBar Out="&{0xc0000d6500}" event=start form=main
time="13/12/22 16:10:03" level=info msg=GetToolBar DocumentCreateIcon=GetToolBar
time="13/12/22 16:10:03" level=info msg=CreateRenderer h.Tool="&{{{0 0} {0 0} false 0xc000071500 {{0 0} 0 0 0 0}} [0xc00052bb48 0x7ff72bed0980 0xc00052bb60 0xc00052bb78 0x7ff72bed0980 0xc00052bba8]}"
time="13/12/22 16:10:06" level=info msg="✓Init" event="InitFormData()" form=TableProp
time="13/12/22 16:10:06" level=info msg=TableInitProperties datag=10 form1=
time="13/12/22 16:10:06" level=info msg=GetToolBar Properties=10
time="13/12/22 16:10:07" level=info msg=NewOTable 1table.Form =10
time="13/12/22 16:10:07" level=info msg=Columns columns=6 event="fillcolumns()" form=
time="13/12/22 16:10:07" level=info msg=Columns columns="map[Color:0xc00035b180 Header:0xc00035abd0 Type:0xc00035b0a0 Width:0xc00035b1f0 formula:0xc00035b110 id:0xc00035ab60]" event=Finish
time="13/12/22 16:10:07" level=info msg=MakeTableData event=fillcolumns form=TableProp
time="13/12/22 16:10:07" level=info msg=MakeTable event="Fill data" form=TableProp
time="13/12/22 16:16:37" level=info msg="Начало" Out="&{0xc0000d6500}" event=start form=main
time="13/12/22 16:16:37" level=info msg="✓Init" event="InitFormData()" form=Main
time="13/12/22 16:16:39" level=info msg="✓Init" event="InitFormData()" form=Table
time="13/12/22 16:16:39" level=info msg=Data columns=10 event="Fill Data" rows=500
time="13/12/22 16:16:39" level=info msg=Data columns ddes=10 event="Init data" form="Test data" rows data=500
time="13/12/22 16:16:39" level=info msg=NewOTable 1table.Form =500
time="13/12/22 16:16:39" level=info msg=Columns columns=10 event="fillcolumns()" form=
time="13/12/22 16:16:39" level=info msg=Columns columns="map[Amount:0xc0000f0d20 Check:0xc0000f0d90 Comment:0xc0000f0e70 DateCheck:0xc0000f0e00 Price:0xc0000f0cb0 Product:0xc0000f0b60 Quantity:0xc0000f0c40 Type:0xc0000f0bd0 id:0xc0000f0a80 id_product:0xc0000f0af0]" event=Finish
time="13/12/22 16:16:39" level=info msg=MakeTableData event=fillcolumns form=Table
time="13/12/22 16:16:39" level=info msg=MakeTable event="Fill data" form=Table
time="13/12/22 16:16:50" level=info msg=GetToolBar Out="&{0xc0000d6500}" event=start form=main
time="13/12/22 16:16:50" level=info msg=GetToolBar DocumentCreateIcon=GetToolBar
time="13/12/22 16:16:50" level=info msg=CreateRenderer h.Tool="&{{{0 0} {0 0} false 0xc000094ba0 {{0 0} 0 0 0 0}} [0xc000008078 0x7ff68cd80980 0xc000008090 0xc0000080a8 0x7ff68cd80980 0xc0000080d8]}"
time="13/12/22 16:16:53" level=info msg="✓Init" event="InitFormData()" form=TableProp
time="13/12/22 16:16:53" level=info msg=TableInitProperties datag=10 form1=
time="13/12/22 16:16:53" level=info msg=GetToolBar Properties=10
time="13/12/22 16:16:57" level=info msg=NewOTable 1table.Form =10
time="13/12/22 16:16:57" level=info msg=Columns columns=6 event="fillcolumns()" form=
time="13/12/22 16:16:57" level=info msg=Columns columns="map[Color:0xc0001e0850 Header:0xc0001e0700 Type:0xc0001e0770 Width:0xc0001e08c0 formula:0xc0001e07e0 id:0xc0001e0690]" event=Finish
time="13/12/22 16:16:57" level=info msg=MakeTableData event=fillcolumns form=TableProp
time="13/12/22 16:16:57" level=info msg=MakeTable event="Fill data" form=TableProp
time="13/12/22 16:17:10" level=info msg=GetToolBar Properties len  dv=10
time="13/12/22 16:17:10" level=info msg=CreateRenderer h.Tool="<nil>"
time="13/12/22 16:17:16" level=info msg=OnSelectedMakeTableLabel t.Form="{TableProp map[invoice:0xc0000a0500] 0xc0005a4960 0xc000cecea0}" w="{1 0}"
time="13/12/22 16:17:16" level=info msg=FocusActiveWidget edit=true selected="{1 0}" tip=
time="13/12/22 16:17:16" level=info msg=t.Selected T.Form.ActiveWidget="&{string 0xc0000fab40 <nil> <nil>}"
time="13/12/22 16:17:16" level=info msg=t.Selected T.Form.ActiveWidget="&{string 0xc0000fafc0 <nil> <nil>}"
time="13/12/22 16:17:16" level=info msg=t.Selected T.Form.ActiveWidget="&{string 0xc0000fa900 <nil> <nil>}"
time="13/12/22 16:17:16" level=info msg=OnSelectedMakeTableLabel t.Form="{TableProp map[invoice:0xc0000a0500] 0xc0005a4960 0xc000cecea0}" w="{1 1}"
time="13/12/22 16:17:16" level=info msg=FocusActiveWidget edit=true selected="{1 1}" tip=string
time="13/12/22 16:17:16" level=info msg=t.Selected T.Form.ActiveWidget="&{string 0xc0000fb200 <nil> <nil>}"
time="13/12/22 16:17:16" level=info msg=t.Selected T.Form.ActiveWidget="&{string 0xc0000fb680 <nil> <nil>}"
time="13/12/22 16:17:17" level=info msg=t.Selected T.Form.ActiveWidget="&{string 0xc0003f8000 <nil> <nil>}"
time="13/12/22 16:17:17" level=info msg=OnSelectedMakeTableLabel t.Form="{TableProp map[invoice:0xc0000a0500] 0xc0005a4960 0xc000cecea0}" w="{1 2}"
time="13/12/22 16:17:17" level=info msg=FocusActiveWidget edit=true selected="{1 2}" tip=string
time="13/12/22 16:17:17" level=info msg=t.Selected T.Form.ActiveWidget="&{string 0xc0003f8480 <nil> <nil>}"
time="13/12/22 16:17:17" level=info msg=t.Selected T.Form.ActiveWidget="&{string 0xc0003f8900 <nil> <nil>}"
time="13/12/22 16:17:17" level=info msg=t.Selected T.Form.ActiveWidget="&{string 0xc00103e000 <nil> <nil>}"
time="13/12/22 16:17:17" level=info msg=OnSelectedMakeTableLabel t.Form="{TableProp map[invoice:0xc0000a0500] 0xc0005a4960 0xc000cecea0}" w="{1 3}"
time="13/12/22 16:17:17" level=info msg=FocusActiveWidget edit=true selected="{1 3}" tip=string
time="13/12/22 16:17:17" level=info msg=t.Selected T.Form.ActiveWidget="&{string 0xc00103e6c0 <nil> <nil>}"
time="13/12/22 16:17:17" level=info msg=t.Selected T.Form.ActiveWidget="&{string 0xc00103eb40 <nil> <nil>}"
time="13/12/22 16:17:17" level=info msg=t.Selected T.Form.ActiveWidget="&{string 0xc00103efc0 <nil> <nil>}"
time="13/12/22 16:17:17" level=info msg=OnSelectedMakeTableLabel t.Form="{TableProp map[invoice:0xc0000a0500] 0xc0005a4960 0xc000cecea0}" w="{1 4}"
time="13/12/22 16:17:17" level=info msg=FocusActiveWidget edit=true selected="{1 4}" tip=string
time="13/12/22 16:17:17" level=info msg=t.Selected T.Form.ActiveWidget="&{string 0xc00103f440 <nil> <nil>}"
time="13/12/22 16:17:17" level=info msg=t.Selected T.Form.ActiveWidget="&{string 0xc00103f8c0 <nil> <nil>}"
time="13/12/22 16:17:22" level=info msg=t.Selected T.Form.ActiveWidget="&{string 0xc0003f86c0 <nil> <nil>}"
time="13/12/22 16:17:22" level=info msg=OnSelectedMakeTableLabel t.Form="{TableProp map[invoice:0xc0000a0500] 0xc0005a4960 0xc000cecea0}" w="{7 1}"
time="13/12/22 16:17:22" level=info msg=FocusActiveWidget edit=true selected="{7 1}" tip=string
time="13/12/22 16:17:22" level=info msg=t.Selected T.Form.ActiveWidget="&{string 0xc0003f8d80 <nil> <nil>}"
time="13/12/22 16:17:22" level=info msg=t.Selected T.Form.ActiveWidget="&{string 0xc0003f9200 <nil> <nil>}"
time="13/12/22 16:17:23" level=info msg=t.Selected T.Form.ActiveWidget="&{string 0xc0000fb440 <nil> <nil>}"
time="13/12/22 16:17:23" level=info msg=OnSelectedMakeTableLabel t.Form="{TableProp map[invoice:0xc0000a0500] 0xc0005a4960 0xc000cecea0}" w="{8 1}"
time="13/12/22 16:17:23" level=info msg=FocusActiveWidget edit=true selected="{8 1}" tip=string
time="13/12/22 16:17:23" level=info msg=t.Selected T.Form.ActiveWidget="&{string 0xc0000fbb00 <nil> <nil>}"
time="13/12/22 16:17:23" level=info msg=t.Selected T.Form.ActiveWidget="&{string 0xc00103e240 <nil> <nil>}"
time="13/12/22 16:17:24" level=info msg=t.Selected T.Form.ActiveWidget="&{string 0xc0003f8b40 <nil> <nil>}"
time="13/12/22 16:17:24" level=info msg=OnSelectedMakeTableLabel t.Form="{TableProp map[invoice:0xc0000a0500] 0xc0005a4960 0xc000cecea0}" w="{9 1}"
time="13/12/22 16:17:24" level=info msg=FocusActiveWidget edit=true selected="{9 1}" tip=string
time="13/12/22 16:17:24" level=info msg=t.Selected T.Form.ActiveWidget="&{string 0xc0003f9440 <nil> <nil>}"
time="13/12/22 16:17:24" level=info msg=t.Selected T.Form.ActiveWidget="&{string 0xc0003f98c0 <nil> <nil>}"
time="13/12/22 16:17:26" level=info msg=t.Selected T.Form.ActiveWidget="&{string 0xc0003f8fc0 <nil> <nil>}"
time="13/12/22 16:17:26" level=info msg=OnSelectedMakeTableLabel t.Form="{TableProp map[invoice:0xc0000a0500] 0xc0005a4960 0xc000cecea0}" w="{0 2}"
time="13/12/22 16:17:26" level=info msg=FocusActiveWidget edit=true selected="{0 2}" tip=string
time="13/12/22 16:17:27" level=info msg=OnSelectedMakeTableLabel t.Form="{TableProp map[invoice:0xc0000a0500] 0xc0005a4960 0xc000cecea0}" w="{0 3}"
time="13/12/22 16:17:27" level=info msg=FocusActiveWidget edit=true selected="{0 3}" tip=
time="13/12/22 16:17:27" level=info msg=OnSelectedMakeTableLabel t.Form="{TableProp map[invoice:0xc0000a0500] 0xc0005a4960 0xc000cecea0}" w="{0 4}"
time="13/12/22 16:17:27" level=info msg=FocusActiveWidget edit=true selected="{0 4}" tip=
time="13/12/22 16:17:27" level=info msg=OnSelectedMakeTableLabel t.Form="{TableProp map[invoice:0xc0000a0500] 0xc0005a4960 0xc000cecea0}" w="{0 5}"
time="13/12/22 16:17:27" level=info msg=FocusActiveWidget edit=true selected="{0 5}" tip=
time="13/12/22 16:17:39" level=info msg=OnSelectedMakeTableLabel t.Form="{TableProp map[invoice:0xc0000a0500] 0xc0005a4960 0xc000cecea0}" w="{1 5}"
time="13/12/22 16:17:39" level=info msg=FocusActiveWidget edit=true selected="{1 5}" tip=
time="13/12/22 16:17:39" level=info msg=t.Selected T.Form.ActiveWidget="&{string 0xc00103ed80 <nil> <nil>}"
time="13/12/22 16:17:39" level=info msg=t.Selected T.Form.ActiveWidget="&{string 0xc00103f680 <nil> <nil>}"
time="13/12/22 16:17:41" level=info msg=t.Selected T.Form.ActiveWidget="&{string 0xc00103e900 <nil> <nil>}"
time="13/12/22 16:17:41" level=info msg=OnSelectedMakeTableLabel t.Form="{TableProp map[invoice:0xc0000a0500] 0xc0005a4960 0xc000cecea0}" w="{2 5}"
time="13/12/22 16:17:41" level=info msg=FocusActiveWidget edit=true selected="{2 5}" tip=string
time="13/12/22 16:17:41" level=info msg=t.Selected T.Form.ActiveWidget="&{string 0xc00103fb00 <nil> <nil>}"
time="13/12/22 16:17:41" level=info msg=t.Selected T.Form.ActiveWidget="&{string 0xc0000fad80 <nil> <nil>}"
time="13/12/22 16:17:42" level=info msg=t.Selected T.Form.ActiveWidget="&{string 0xc0003f9680 <nil> <nil>}"
time="13/12/22 16:17:42" level=info msg=OnSelectedMakeTableLabel t.Form="{TableProp map[invoice:0xc0000a0500] 0xc0005a4960 0xc000cecea0}" w="{2 4}"
time="13/12/22 16:17:42" level=info msg=FocusActiveWidget edit=true selected="{2 4}" tip=string
time="13/12/22 16:17:42" level=info msg=t.Selected T.Form.ActiveWidget="&{string 0xc0003f9d40 <nil> <nil>}"
time="13/12/22 16:17:42" level=info msg=t.Selected T.Form.ActiveWidget="&{string 0xc0014fa240 <nil> <nil>}"
time="13/12/22 16:17:43" level=info msg=t.Selected T.Form.ActiveWidget="&{string 0xc0000fbd40 <nil> <nil>}"
time="13/12/22 16:17:43" level=info msg=OnSelectedMakeTableLabel t.Form="{TableProp map[invoice:0xc0000a0500] 0xc0005a4960 0xc000cecea0}" w="{2 3}"
time="13/12/22 16:17:43" level=info msg=FocusActiveWidget edit=true selected="{2 3}" tip=string
time="13/12/22 16:17:43" level=info msg=t.Selected T.Form.ActiveWidget="&{string 0xc0014fa480 <nil> <nil>}"
time="13/12/22 16:17:43" level=info msg=t.Selected T.Form.ActiveWidget="&{string 0xc0014fa900 <nil> <nil>}"
time="13/12/22 16:17:44" level=info msg=t.Selected T.Form.ActiveWidget="&{string 0xc00103f200 <nil> <nil>}"
time="13/12/22 16:17:44" level=info msg=OnSelectedMakeTableLabel t.Form="{TableProp map[invoice:0xc0000a0500] 0xc0005a4960 0xc000cecea0}" w="{1 3}"
time="13/12/22 16:17:44" level=info msg=FocusActiveWidget edit=true selected="{1 3}" tip=string
time="13/12/22 16:17:44" level=info msg=t.Selected T.Form.ActiveWidget="&{string 0xc0003f8240 <nil> <nil>}"
time="13/12/22 16:17:44" level=info msg=t.Selected T.Form.ActiveWidget="&{string 0xc001390000 <nil> <nil>}"
time="13/12/22 16:17:44" level=info msg=t.Selected T.Form.ActiveWidget="&{string 0xc0014fa6c0 <nil> <nil>}"
time="13/12/22 16:17:44" level=info msg=OnSelectedMakeTableLabel t.Form="{TableProp map[invoice:0xc0000a0500] 0xc0005a4960 0xc000cecea0}" w="{1 4}"
time="13/12/22 16:17:44" level=info msg=FocusActiveWidget edit=true selected="{1 4}" tip=string
time="13/12/22 16:17:44" level=info msg=t.Selected T.Form.ActiveWidget="&{string 0xc0014fad80 <nil> <nil>}"
time="13/12/22 16:17:44" level=info msg=t.Selected T.Form.ActiveWidget="&{string 0xc0014fb200 <nil> <nil>}"
time="13/12/22 16:17:45" level=info msg=t.Selected T.Form.ActiveWidget="&{string 0xc001390480 <nil> <nil>}"
time="13/12/22 16:17:45" level=info msg=OnSelectedMakeTableLabel t.Form="{TableProp map[invoice:0xc0000a0500] 0xc0005a4960 0xc000cecea0}" w="{2 4}"
time="13/12/22 16:17:45" level=info msg=FocusActiveWidget edit=true selected="{2 4}" tip=string
time="13/12/22 16:17:45" level=info msg=t.Selected T.Form.ActiveWidget="&{string 0xc001390900 <nil> <nil>}"
time="13/12/22 16:17:45" level=info msg=t.Selected T.Form.ActiveWidget="&{string 0xc001390d80 <nil> <nil>}"
time="13/12/22 16:17:46" level=info msg=t.Selected T.Form.ActiveWidget="&{string 0xc00103e480 <nil> <nil>}"
time="13/12/22 16:17:46" level=info msg=OnSelectedMakeTableLabel t.Form="{TableProp map[invoice:0xc0000a0500] 0xc0005a4960 0xc000cecea0}" w="{3 4}"
time="13/12/22 16:17:46" level=info msg=FocusActiveWidget edit=true selected="{3 4}" tip=string
time="13/12/22 16:17:46" level=info msg=t.Selected T.Form.ActiveWidget="&{string 0xc0003f9b00 <nil> <nil>}"
time="13/12/22 16:17:46" level=info msg=t.Selected T.Form.ActiveWidget="&{string 0xc001638240 <nil> <nil>}"
time="13/12/22 16:17:46" level=info msg=t.Selected T.Form.ActiveWidget="&{string 0xc0014fab40 <nil> <nil>}"
time="13/12/22 16:17:46" level=info msg=OnSelectedMakeTableLabel t.Form="{TableProp map[invoice:0xc0000a0500] 0xc0005a4960 0xc000cecea0}" w="{4 4}"
time="13/12/22 16:17:46" level=info msg=FocusActiveWidget edit=true selected="{4 4}" tip=string
time="13/12/22 16:17:46" level=info msg=t.Selected T.Form.ActiveWidget="&{string 0xc0014fb440 <nil> <nil>}"
time="13/12/22 16:17:46" level=info msg=t.Selected T.Form.ActiveWidget="&{string 0xc0014fb8c0 <nil> <nil>}"
time="13/12/22 16:17:47" level=info msg=t.Selected T.Form.ActiveWidget="&{string 0xc001638480 <nil> <nil>}"
time="13/12/22 16:17:47" level=info msg=OnSelectedMakeTableLabel t.Form="{TableProp map[invoice:0xc0000a0500] 0xc0005a4960 0xc000cecea0}" w="{6 4}"
time="13/12/22 16:17:47" level=info msg=FocusActiveWidget edit=true selected="{6 4}" tip=string
time="13/12/22 16:17:47" level=info msg=t.Selected T.Form.ActiveWidget="&{string 0xc001638900 <nil> <nil>}"
time="13/12/22 16:17:47" level=info msg=t.Selected T.Form.ActiveWidget="&{string 0xc001638d80 <nil> <nil>}"
time="13/12/22 16:17:52" level=info msg=t.Selected T.Form.ActiveWidget="&{string 0xc0016386c0 <nil> <nil>}"
time="13/12/22 16:17:52" level=info msg=OnSelectedMakeTableLabel t.Form="{TableProp map[invoice:0xc0000a0500] 0xc0005a4960 0xc000cecea0}" w="{0 1}"
time="13/12/22 16:17:52" level=info msg=FocusActiveWidget edit=true selected="{0 1}" tip=string
time="13/12/22 16:17:53" level=info msg=OnSelectedMakeTableLabel t.Form="{TableProp map[invoice:0xc0000a0500] 0xc0005a4960 0xc000cecea0}" w="{2 0}"
time="13/12/22 16:17:53" level=info msg=FocusActiveWidget edit=true selected="{2 0}" tip=
time="13/12/22 16:17:53" level=info msg=t.Selected T.Form.ActiveWidget="&{string 0xc001639680 <nil> <nil>}"
time="13/12/22 16:17:53" level=info msg=t.Selected T.Form.ActiveWidget="&{string 0xc001639b00 <nil> <nil>}"
time="13/12/22 16:23:59" level=info msg="Начало" Out="&{0xc0000d6500}" event=start form=main
time="13/12/22 16:23:59" level=info msg="✓Init" event="InitFormData()" form=Main
time="13/12/22 16:24:01" level=info msg="✓Init" event="InitFormData()" form=Table
time="13/12/22 16:24:01" level=info msg=Data columns=10 event="Fill Data" rows=500
time="13/12/22 16:24:01" level=info msg=Data columns ddes=10 event="Init data" form="Test data" rows data=500
time="13/12/22 16:24:01" level=info msg=NewOTable 1table.Form =500
time="13/12/22 16:24:01" level=info msg=Columns columns=10 event="fillcolumns()" form=
time="13/12/22 16:24:01" level=info msg=Columns columns="map[Amount:0xc00006ed90 Check:0xc00006ee00 Comment:0xc00006eee0 DateCheck:0xc00006ee70 Price:0xc00006ed20 Product:0xc00006ebd0 Quantity:0xc00006ecb0 Type:0xc00006ec40 id:0xc00006eaf0 id_product:0xc00006eb60]" event=Finish
time="13/12/22 16:24:01" level=info msg=MakeTableData event=fillcolumns form=Table
time="13/12/22 16:24:01" level=info msg=MakeTable event="Fill data" form=Table
time="13/12/22 16:24:01" level=info msg=GetToolBar Out="&{0xc0000d6500}" event=start form=main
time="13/12/22 16:24:01" level=info msg=GetToolBar DocumentCreateIcon=GetToolBar
time="13/12/22 16:24:01" level=info msg=CreateRenderer h.Tool="&{{{0 0} {0 0} false 0xc00007a360 {{0 0} 0 0 0 0}} [0xc0000ac300 0x7ff7786d59e0 0xc0000ac318 0xc0000ac3d8 0x7ff7786d59e0 0xc0000ac4b0]}"
time="13/12/22 16:24:09" level=info msg=OnSelectedMakeTableLabel t.Form="{Table map[invoice:0xc0000a8140] 0xc0005145a0 0xc000030900}" w="{6 4}"
time="13/12/22 16:24:09" level=info msg=FocusActiveWidget edit=true selected="{6 4}" tip=
time="13/12/22 16:24:09" level=info msg=t.Selected T.Form.ActiveWidget="&{string 0xc0000fad80 <nil> <nil>}"
time="13/12/22 16:24:09" level=info msg=t.Selected T.Form.ActiveWidget="&{string 0xc0000fb200 <nil> <nil>}"
time="13/12/22 16:24:11" level=info msg=t.Selected T.Form.ActiveWidget="&{string 0xc0000fab40 <nil> <nil>}"
time="13/12/22 16:24:11" level=info msg=t.Selected T.Form.ActiveWidget="&{string 0xc001900240 <nil> <nil>}"
time="13/12/22 16:24:12" level=info msg=t.Selected T.Form.ActiveWidget="&{string 0xc0000fafc0 <nil> <nil>}"
time="13/12/22 16:24:13" level=info msg=t.Selected T.Form.ActiveWidget="&{string 0xc001900480 <nil> <nil>}"
time="13/12/22 16:24:13" level=info msg=t.Selected T.Form.ActiveWidget="&{string 0xc0000fb680 <nil> <nil>}"
time="13/12/22 16:24:13" level=info msg=t.Selected T.Form.ActiveWidget="&{string 0xc0019006c0 <nil> <nil>}"
time="13/12/22 16:24:13" level=info msg=t.Selected T.Form.ActiveWidget="&{string 0xc001900b40 <nil> <nil>}"
time="13/12/22 16:24:14" level=info msg=t.Selected T.Form.ActiveWidget="&{string 0xc0000fb440 <nil> <nil>}"
time="13/12/22 16:24:14" level=info msg=t.Selected T.Form.ActiveWidget="&{string 0xc0000fb8c0 <nil> <nil>}"
time="13/12/22 16:24:15" level=info msg=t.Selected T.Form.ActiveWidget="&{string 0xc001900900 <nil> <nil>}"
time="13/12/22 16:24:15" level=info msg=t.Selected T.Form.ActiveWidget="&{string 0xc001c64240 <nil> <nil>}"
time="13/12/22 16:24:15" level=info msg=t.Selected T.Form.ActiveWidget="&{string 0xc001900fc0 <nil> <nil>}"
time="13/12/22 16:24:15" level=info msg=t.Selected T.Form.ActiveWidget="&{string 0xc001c64480 <nil> <nil>}"
time="13/12/22 16:24:16" level=info msg=t.Selected T.Form.ActiveWidget="&{string 0xc001c64900 <nil> <nil>}"
time="13/12/22 16:24:16" level=info msg=t.Selected T.Form.ActiveWidget="&{string 0xc001900d80 <nil> <nil>}"
time="13/12/22 16:24:16" level=info msg=t.Selected T.Form.ActiveWidget="&{string 0xc0000fbb00 <nil> <nil>}"
time="13/12/22 16:24:16" level=info msg=t.Selected T.Form.ActiveWidget="&{string 0xc0012f0240 <nil> <nil>}"
time="13/12/22 16:24:16" level=info msg=t.Selected T.Form.ActiveWidget="&{string 0xc001901440 <nil> <nil>}"
time="13/12/22 16:24:16" level=info msg=t.Selected T.Form.ActiveWidget="&{string 0xc0019018c0 <nil> <nil>}"
time="13/12/22 16:24:16" level=info msg=t.Selected T.Form.ActiveWidget="&{string 0xc0012f0480 <nil> <nil>}"
time="13/12/22 16:24:17" level=info msg=t.Selected T.Form.ActiveWidget="&{string 0xc001901200 <nil> <nil>}"
time="13/12/22 16:24:17" level=info msg=t.Selected T.Form.ActiveWidget="&{string 0xc001901b00 <nil> <nil>}"
time="13/12/22 16:24:17" level=info msg=t.Selected T.Form.ActiveWidget="&{string 0xc0000fbd40 <nil> <nil>}"
time="13/12/22 16:24:17" level=info msg=t.Selected T.Form.ActiveWidget="&{string 0xc001c64000 <nil> <nil>}"
time="13/12/22 16:24:17" level=info msg=t.Selected T.Form.ActiveWidget="&{string 0xc000fb2240 <nil> <nil>}"
time="13/12/22 16:24:17" level=info msg=t.Selected T.Form.ActiveWidget="&{string 0xc0012f0900 <nil> <nil>}"
time="13/12/22 16:24:19" level=info msg="✓Init" event="InitFormData()" form=TableProp
time="13/12/22 16:24:19" level=info msg=TableInitProperties datag=10 form1=
time="13/12/22 16:24:19" level=info msg=GetToolBar Properties=10
time="13/12/22 16:24:19" level=info msg=NewOTable 1table.Form =10
time="13/12/22 16:24:19" level=info msg=Columns columns=6 event="fillcolumns()" form=
time="13/12/22 16:24:19" level=info msg=Columns columns="map[Color:0xc0001d6930 Header:0xc0001d67e0 Type:0xc0001d6850 Width:0xc0001d69a0 formula:0xc0001d68c0 id:0xc0001d6770]" event=Finish
time="13/12/22 16:24:19" level=info msg=MakeTableData event=fillcolumns form=TableProp
time="13/12/22 16:24:19" level=info msg=MakeTable event="Fill data" form=TableProp
time="13/12/22 16:24:19" level=info msg=GetToolBar Properties len  dv=10
time="13/12/22 16:24:19" level=info msg=CreateRenderer h.Tool="<nil>"
time="13/12/22 16:24:25" level=info msg=OnSelectedMakeTableLabel t.Form="{TableProp map[invoice:0xc0000a8500] 0xc000514f00 0xc001bb0150}" w="{6 4}"
time="13/12/22 16:24:25" level=info msg=FocusActiveWidget edit=true selected="{6 4}" tip=
time="13/12/22 16:24:25" level=info msg=t.Selected T.Form.ActiveWidget="&{string 0xc0012f0b40 <nil> <nil>}"
time="13/12/22 16:24:25" level=info msg=t.Selected T.Form.ActiveWidget="&{string 0xc0012f0fc0 <nil> <nil>}"
